app/build/intermediates/manifest_merge_blame_file/release/processReleaseMainManifest/manifest-merger-blame-release-report.txt
1<?xml version="1.0" encoding="utf-8"?>
2<manifest xmlns:android="http://schemas.android.com/apk/res/android"
3    package="drtechn.gemini"
4    android:versionCode="1"
5    android:versionName="1.0" >
6
7    <uses-sdk
8        android:minSdkVersion="28"
9        android:targetSdkVersion="34" />
10
11    <uses-permission android:name="android.permission.INTERNET" />
11-->src/main/AndroidManifest.xml:5:5-67
11-->src/main/AndroidManifest.xml:5:22-64
12    <uses-permission android:name="android.permission.CAMERA" />
12-->src/main/AndroidManifest.xml:6:5-65
12-->src/main/AndroidManifest.xml:6:22-62
13    <uses-permission android:name="android.permission.FOREGROUND_SERVICE" />
13-->src/main/AndroidManifest.xml:7:5-77
13-->src/main/AndroidManifest.xml:7:22-74
14    <uses-permission android:name="android.permission.FOREGROUND_SERVICE_DATA_SYNC" />
14-->src/main/AndroidManifest.xml:8:5-87
14-->src/main/AndroidManifest.xml:8:22-84
15    <uses-permission
15-->src/main/AndroidManifest.xml:9:5-107
16        android:name="android.permission.READ_EXTERNAL_STORAGE"
16-->src/main/AndroidManifest.xml:9:22-77
17        android:maxSdkVersion="32" />
17-->src/main/AndroidManifest.xml:9:78-104
18    <uses-permission
18-->src/main/AndroidManifest.xml:10:5-108
19        android:name="android.permission.WRITE_EXTERNAL_STORAGE"
19-->src/main/AndroidManifest.xml:10:22-78
20        android:maxSdkVersion="29" />
20-->src/main/AndroidManifest.xml:10:79-105
21
22    <permission
22-->[androidx.core:core:1.16.0] AndroidManifest.xml:22:5-24:47
23        android:name="drtechn.gemini.DYNAMIC_RECEIVER_NOT_EXPORTED_PERMISSION"
23-->[androidx.core:core:1.16.0] AndroidManifest.xml:23:9-81
24        android:protectionLevel="signature" />
24-->[androidx.core:core:1.16.0] AndroidManifest.xml:24:9-44
25
26    <uses-permission android:name="drtechn.gemini.DYNAMIC_RECEIVER_NOT_EXPORTED_PERMISSION" /> <!-- Hardware Acceleration enabled at Application level for GPU Rendering -->
26-->[androidx.core:core:1.16.0] AndroidManifest.xml:26:5-97
26-->[androidx.core:core:1.16.0] AndroidManifest.xml:26:22-94
27    <application
27-->src/main/AndroidManifest.xml:13:5-48:16
28        android:allowBackup="true"
28-->src/main/AndroidManifest.xml:14:9-35
29        android:appComponentFactory="androidx.core.app.CoreComponentFactory"
29-->[androidx.core:core:1.16.0] AndroidManifest.xml:28:18-86
30        android:extractNativeLibs="false"
31        android:hardwareAccelerated="true"
31-->src/main/AndroidManifest.xml:20:9-43
32        android:icon="@mipmap/ic_launcher"
32-->src/main/AndroidManifest.xml:15:9-43
33        android:label="@string/app_name"
33-->src/main/AndroidManifest.xml:16:9-41
34        android:roundIcon="@mipmap/ic_launcher_round"
34-->src/main/AndroidManifest.xml:17:9-54
35        android:supportsRtl="true"
35-->src/main/AndroidManifest.xml:18:9-35
36        android:theme="@style/AppTheme"
36-->src/main/AndroidManifest.xml:19:9-40
37        android:usesCleartextTraffic="true" >
37-->src/main/AndroidManifest.xml:21:9-44
38        <activity
38-->src/main/AndroidManifest.xml:23:9-31:20
39            android:name="drtechn.gemini.MainActivity"
39-->src/main/AndroidManifest.xml:24:13-41
40            android:configChanges="orientation|keyboardHidden|screenSize"
40-->src/main/AndroidManifest.xml:26:13-74
41            android:exported="true" >
41-->src/main/AndroidManifest.xml:25:13-36
42            <intent-filter>
42-->src/main/AndroidManifest.xml:27:13-30:29
43                <action android:name="android.intent.action.MAIN" />
43-->src/main/AndroidManifest.xml:28:17-69
43-->src/main/AndroidManifest.xml:28:25-66
44
45                <category android:name="android.intent.category.LAUNCHER" />
45-->src/main/AndroidManifest.xml:29:17-77
45-->src/main/AndroidManifest.xml:29:27-74
46            </intent-filter>
47        </activity>
48
49        <!-- Web Foreground Service -->
50        <service
50-->src/main/AndroidManifest.xml:34:1-37:28
51            android:name="drtechn.gemini.WebForegroundService"
51-->src/main/AndroidManifest.xml:35:1-37
52            android:exported="false"
52-->src/main/AndroidManifest.xml:37:1-25
53            android:foregroundServiceType="dataSync" />
53-->src/main/AndroidManifest.xml:36:1-41
54​
55        <!-- FileProvider untuk Output Kamera Eksternal yang Aman -->
56        <provider
57            android:name="androidx.core.content.FileProvider"
57-->src/main/AndroidManifest.xml:40:1-50
58            android:authorities="drtechn.gemini.fileprovider"
58-->src/main/AndroidManifest.xml:41:1-52
59            android:exported="false"
59-->src/main/AndroidManifest.xml:42:1-25
60            android:grantUriPermissions="true" >
60-->src/main/AndroidManifest.xml:43:1-35
61            <meta-data
61-->src/main/AndroidManifest.xml:44:1-46:42
62                android:name="android.support.FILE_PROVIDER_PATHS"
62-->src/main/AndroidManifest.xml:45:1-51
63                android:resource="@xml/provider_paths" />
63-->src/main/AndroidManifest.xml:46:1-39
64        </provider>
65​
66        <provider
66-->[androidx.emoji2:emoji2:1.3.0] AndroidManifest.xml:24:9-32:20
67            android:name="androidx.startup.InitializationProvider"
67-->[androidx.emoji2:emoji2:1.3.0] AndroidManifest.xml:25:13-67
68            android:authorities="drtechn.gemini.androidx-startup"
68-->[androidx.emoji2:emoji2:1.3.0] AndroidManifest.xml:26:13-68
69            android:exported="false" >
69-->[androidx.emoji2:emoji2:1.3.0] AndroidManifest.xml:27:13-37
70            <meta-data
70-->[androidx.emoji2:emoji2:1.3.0] AndroidManifest.xml:29:13-31:52
71                android:name="androidx.emoji2.text.EmojiCompatInitializer"
71-->[androidx.emoji2:emoji2:1.3.0] AndroidManifest.xml:30:17-75
72                android:value="androidx.startup" />
72-->[androidx.emoji2:emoji2:1.3.0] AndroidManifest.xml:31:17-49
73            <meta-data
73-->[androidx.lifecycle:lifecycle-process:2.6.2] AndroidManifest.xml:29:13-31:52
74                android:name="androidx.lifecycle.ProcessLifecycleInitializer"
74-->[androidx.lifecycle:lifecycle-process:2.6.2] AndroidManifest.xml:30:17-78
75                android:value="androidx.startup" />
75-->[androidx.lifecycle:lifecycle-process:2.6.2] AndroidManifest.xml:31:17-49
76            <meta-data
76-->[androidx.profileinstaller:profileinstaller:1.4.0] AndroidManifest.xml:29:13-31:52
77                android:name="androidx.profileinstaller.ProfileInstallerInitializer"
77-->[androidx.profileinstaller:profileinstaller:1.4.0] AndroidManifest.xml:30:17-85
78                android:value="androidx.startup" />
78-->[androidx.profileinstaller:profileinstaller:1.4.0] AndroidManifest.xml:31:17-49
79        </provider>
80
81        <receiver
81-->[androidx.profileinstaller:profileinstaller:1.4.0] AndroidManifest.xml:34:9-52:20
82            android:name="androidx.profileinstaller.ProfileInstallReceiver"
82-->[androidx.profileinstaller:profileinstaller:1.4.0] AndroidManifest.xml:35:13-76
83            android:directBootAware="false"
83-->[androidx.profileinstaller:profileinstaller:1.4.0] AndroidManifest.xml:36:13-44
84            android:enabled="true"
84-->[androidx.profileinstaller:profileinstaller:1.4.0] AndroidManifest.xml:37:13-35
85            android:exported="true"
85-->[androidx.profileinstaller:profileinstaller:1.4.0] AndroidManifest.xml:38:13-36
86            android:permission="android.permission.DUMP" >
86-->[androidx.profileinstaller:profileinstaller:1.4.0] AndroidManifest.xml:39:13-57
87            <intent-filter>
87-->[androidx.profileinstaller:profileinstaller:1.4.0] AndroidManifest.xml:40:13-42:29
88                <action android:name="androidx.profileinstaller.action.INSTALL_PROFILE" />
88-->[androidx.profileinstaller:profileinstaller:1.4.0] AndroidManifest.xml:41:17-91
88-->[androidx.profileinstaller:profileinstaller:1.4.0] AndroidManifest.xml:41:25-88
89            </intent-filter>
90            <intent-filter>
90-->[androidx.profileinstaller:profileinstaller:1.4.0] AndroidManifest.xml:43:13-45:29
91                <action android:name="androidx.profileinstaller.action.SKIP_FILE" />
91-->[androidx.profileinstaller:profileinstaller:1.4.0] AndroidManifest.xml:44:17-85
91-->[androidx.profileinstaller:profileinstaller:1.4.0] AndroidManifest.xml:44:25-82
92            </intent-filter>
93            <intent-filter>
93-->[androidx.profileinstaller:profileinstaller:1.4.0] AndroidManifest.xml:46:13-48:29
94                <action android:name="androidx.profileinstaller.action.SAVE_PROFILE" />
94-->[androidx.profileinstaller:profileinstaller:1.4.0] AndroidManifest.xml:47:17-88
94-->[androidx.profileinstaller:profileinstaller:1.4.0] AndroidManifest.xml:47:25-85
95            </intent-filter>
96            <intent-filter>
96-->[androidx.profileinstaller:profileinstaller:1.4.0] AndroidManifest.xml:49:13-51:29
97                <action android:name="androidx.profileinstaller.action.BENCHMARK_OPERATION" />
97-->[androidx.profileinstaller:profileinstaller:1.4.0] AndroidManifest.xml:50:17-95
97-->[androidx.profileinstaller:profileinstaller:1.4.0] AndroidManifest.xml:50:25-92
98            </intent-filter>
99        </receiver>
100    </application>
101
102</manifest>